<?xml version="1.0" encoding="UTF-8"?>
<testng-results skipped="0" failed="0" ignored="0" total="1" passed="1">
  <reporter-output>
  </reporter-output>
  <suite name="Default suite" duration-ms="36673" started-at="2022-07-11T17:07:50Z" finished-at="2022-07-11T17:08:27Z">
    <groups>
      <group name="cucumber">
        <method signature="AbstractTestNGCucumberTests.runScenario(io.cucumber.testng.PickleWrapper, io.cucumber.testng.FeatureWrapper)[pri:0, instance:com.runnerclass.TestRunnerClass@1139b2f3]" name="runScenario" class="io.cucumber.testng.AbstractTestNGCucumberTests"/>
      </group> <!-- cucumber -->
    </groups>
    <test name="Default test" duration-ms="36673" started-at="2022-07-11T17:07:50Z" finished-at="2022-07-11T17:08:27Z">
      <class name="com.runnerclass.TestRunnerClass">
        <test-method status="PASS" signature="setUpClass()[pri:0, instance:com.runnerclass.TestRunnerClass@1139b2f3]" name="setUpClass" is-config="true" duration-ms="341" started-at="2022-07-11T17:07:50Z" finished-at="2022-07-11T17:07:51Z">
          <reporter-output>
          </reporter-output>
        </test-method> <!-- setUpClass -->
        <test-method status="PASS" signature="runScenario(io.cucumber.testng.PickleWrapper, io.cucumber.testng.FeatureWrapper)[pri:0, instance:com.runnerclass.TestRunnerClass@1139b2f3]" name="runScenario" duration-ms="36211" started-at="2022-07-11T17:07:51Z" description="Runs Cucumber Scenarios" data-provider="scenarios" finished-at="2022-07-11T17:08:27Z">
          <params>
            <param index="0">
              <value>
                <![CDATA["Search t-shirt sort by price Low to High"]]>
              </value>
            </param>
            <param index="1">
              <value>
                <![CDATA["Optional[Validation of Myntra shopping site]"]]>
              </value>
            </param>
          </params>
          <reporter-output>
          </reporter-output>
        </test-method> <!-- runScenario -->
        <test-method status="PASS" signature="tearDownClass()[pri:0, instance:com.runnerclass.TestRunnerClass@1139b2f3]" name="tearDownClass" is-config="true" duration-ms="81" started-at="2022-07-11T17:08:27Z" finished-at="2022-07-11T17:08:27Z">
          <reporter-output>
          </reporter-output>
        </test-method> <!-- tearDownClass -->
      </class> <!-- com.runnerclass.TestRunnerClass -->
    </test> <!-- Default test -->
  </suite> <!-- Default suite -->
</testng-results>
