<?xml version="1.0" encoding="UTF-8"?>
<testng-results ignored="0" total="1" passed="1" failed="0" skipped="0">
  <reporter-output>
  </reporter-output>
  <suite started-at="2022-06-16T14:54:49Z" name="Default suite" finished-at="2022-06-16T14:55:17Z" duration-ms="28359">
    <groups>
      <group name="cucumber">
        <method signature="AbstractTestNGCucumberTests.runScenario(io.cucumber.testng.PickleWrapper, io.cucumber.testng.FeatureWrapper)[pri:0, instance:com.runnerclass.TestRunnerClass@d41f816]" name="runScenario" class="io.cucumber.testng.AbstractTestNGCucumberTests"/>
      </group> <!-- cucumber -->
    </groups>
    <test started-at="2022-06-16T14:54:49Z" name="Default test" finished-at="2022-06-16T14:55:17Z" duration-ms="28359">
      <class name="com.runnerclass.TestRunnerClass">
        <test-method is-config="true" signature="setUpClass()[pri:0, instance:com.runnerclass.TestRunnerClass@d41f816]" started-at="2022-06-16T14:54:49Z" name="setUpClass" finished-at="2022-06-16T14:54:49Z" duration-ms="446" status="PASS">
          <reporter-output>
          </reporter-output>
        </test-method> <!-- setUpClass -->
        <test-method signature="runScenario(io.cucumber.testng.PickleWrapper, io.cucumber.testng.FeatureWrapper)[pri:0, instance:com.runnerclass.TestRunnerClass@d41f816]" started-at="2022-06-16T14:54:49Z" name="runScenario" description="Runs Cucumber Scenarios" data-provider="scenarios" finished-at="2022-06-16T14:55:17Z" duration-ms="27778" status="PASS">
          <params>
            <param index="0">
              <value>
                <![CDATA["Search t-shirt sort by price Low to High"]]>
              </value>
            </param>
            <param index="1">
              <value>
                <![CDATA["Optional[Validation of Myntra shopping site]"]]>
              </value>
            </param>
          </params>
          <reporter-output>
          </reporter-output>
        </test-method> <!-- runScenario -->
        <test-method is-config="true" signature="tearDownClass()[pri:0, instance:com.runnerclass.TestRunnerClass@d41f816]" started-at="2022-06-16T14:55:17Z" name="tearDownClass" finished-at="2022-06-16T14:55:17Z" duration-ms="102" status="PASS">
          <reporter-output>
          </reporter-output>
        </test-method> <!-- tearDownClass -->
      </class> <!-- com.runnerclass.TestRunnerClass -->
    </test> <!-- Default test -->
  </suite> <!-- Default suite -->
</testng-results>
